f:\full sail\gdb359-l (project portfolio)\fbxproject\fbxproject\debug\fbxproject.pch
f:\full sail\gdb359-l (project portfolio)\fbxproject\fbxproject\debug\vc140.pdb
f:\full sail\gdb359-l (project portfolio)\fbxproject\fbxproject\debug\vc140.idb
f:\full sail\gdb359-l (project portfolio)\fbxproject\fbxproject\debug\stdafx.obj
f:\full sail\gdb359-l (project portfolio)\fbxproject\fbxproject\debug\fbxproject.obj
f:\full sail\gdb359-l (project portfolio)\fbxproject\fbxproject\debug\graphicsinterface.obj
f:\full sail\gdb359-l (project portfolio)\fbxproject\debug\basepixelshader.cso
f:\full sail\gdb359-l (project portfolio)\fbxproject\debug\basevertexshader.cso
f:\full sail\gdb359-l (project portfolio)\fbxproject\fbxproject\debug\fbxproject.res
f:\full sail\gdb359-l (project portfolio)\fbxproject\fbxproject\debug\fbxproject.vcxprojresolveassemblyreference.cache
f:\full sail\gdb359-l (project portfolio)\fbxproject\debug\fbxproject.exe
f:\full sail\gdb359-l (project portfolio)\fbxproject\fbxproject\debug\fbxproject.tlog\cl.command.1.tlog
f:\full sail\gdb359-l (project portfolio)\fbxproject\fbxproject\debug\fbxproject.tlog\cl.read.1.tlog
f:\full sail\gdb359-l (project portfolio)\fbxproject\fbxproject\debug\fbxproject.tlog\cl.write.1.tlog
f:\full sail\gdb359-l (project portfolio)\fbxproject\fbxproject\debug\fbxproject.tlog\fbxproject.write.1u.tlog
f:\full sail\gdb359-l (project portfolio)\fbxproject\fbxproject\debug\fbxproject.tlog\fxc.command.1.tlog
f:\full sail\gdb359-l (project portfolio)\fbxproject\fbxproject\debug\fbxproject.tlog\fxc.read.1.tlog
f:\full sail\gdb359-l (project portfolio)\fbxproject\fbxproject\debug\fbxproject.tlog\fxc.write.1.tlog
f:\full sail\gdb359-l (project portfolio)\fbxproject\fbxproject\debug\fbxproject.tlog\link.command.1.tlog
f:\full sail\gdb359-l (project portfolio)\fbxproject\fbxproject\debug\fbxproject.tlog\link.read.1.tlog
f:\full sail\gdb359-l (project portfolio)\fbxproject\fbxproject\debug\fbxproject.tlog\link.write.1.tlog
f:\full sail\gdb359-l (project portfolio)\fbxproject\fbxproject\debug\fbxproject.tlog\rc.command.1.tlog
f:\full sail\gdb359-l (project portfolio)\fbxproject\fbxproject\debug\fbxproject.tlog\rc.read.1.tlog
f:\full sail\gdb359-l (project portfolio)\fbxproject\fbxproject\debug\fbxproject.tlog\rc.write.1.tlog
